#
# There is insufficient memory for the Java Runtime Environment to continue.
# Native memory allocation (mmap) failed to map 268435456 bytes for Failed to commit area from 0x00000000e0000000 to 0x00000000f0000000 of length 268435456.
# Possible reasons:
#   The system is out of physical RAM or swap space
#   The process is running with CompressedOops enabled, and the Java Heap may be blocking the growth of the native heap
# Possible solutions:
#   Reduce memory load on the system
#   Increase physical memory or swap space
#   Check if swap backing store is full
#   Decrease Java heap size (-Xmx/-Xms)
#   Decrease number of Java threads
#   Decrease Java thread stack sizes (-Xss)
#   Set larger code cache with -XX:ReservedCodeCacheSize=
# This output file may be truncated or incomplete.
#
#  Out of Memory Error (./open/src/hotspot/os/windows/os_windows.cpp:3276), pid=14784, tid=9516
#
# JRE version:  (11.0.13+10) (build )
# Java VM: Java HotSpot(TM) 64-Bit Server VM (11.0.13+10-LTS-370, mixed mode, sharing, tiered, compressed oops, g1 gc, windows-amd64)
# No core dump will be written. Minidumps are not enabled by default on client versions of Windows
#

---------------  S U M M A R Y ------------

Command Line: -Dorg.gradle.internal.worker.tmpdir=C:\Users\Administrator\Desktop\배이한\hello-world\build\tmp\test\work -Dorg.gradle.native=false --add-opens=java.base/java.util=ALL-UNNAMED --add-opens=java.base/java.lang=ALL-UNNAMED -Xmx512m -Dfile.encoding=x-windows-949 -Duser.country=KR -Duser.language=ko -Duser.variant -ea worker.org.gradle.process.internal.worker.GradleWorkerMain 'Gradle Test Executor 1'

Host: Intel(R) Core(TM) i7-10700 CPU @ 2.90GHz, 16 cores, 15G,  Windows 10 , 64 bit Build 19041 (10.0.19041.1202)
Time: Tue Jan 11 17:11:30 2022 대한민국 표준시 elapsed time: 0.008962 seconds (0d 0h 0m 0s)

---------------  T H R E A D  ---------------

Current thread (0x000002561c5f2800):  JavaThread "Unknown thread" [_thread_in_vm, id=9516, stack(0x0000007e12000000,0x0000007e12100000)]

Stack: [0x0000007e12000000,0x0000007e12100000]
Native frames: (J=compiled Java code, j=interpreted, Vv=VM code, C=native code)
V  [jvm.dll+0x62870a]
V  [jvm.dll+0x761f2f]
V  [jvm.dll+0x7635d9]
V  [jvm.dll+0x763c63]
V  [jvm.dll+0x23d728]
V  [jvm.dll+0x625aba]
V  [jvm.dll+0x61a855]
V  [jvm.dll+0x2f242c]
V  [jvm.dll+0x2f22b2]
V  [jvm.dll+0x2f6fd6]
V  [jvm.dll+0x3395ff]
V  [jvm.dll+0x339030]
V  [jvm.dll+0x2cfa38]
V  [jvm.dll+0x2d0ba6]
V  [jvm.dll+0x73c547]
V  [jvm.dll+0x73dddf]
V  [jvm.dll+0x346369]
V  [jvm.dll+0x721e60]
V  [jvm.dll+0x3b500f]
V  [jvm.dll+0x3b7121]
C  [jli.dll+0x5207]
C  [ucrtbase.dll+0x21bb2]
C  [KERNEL32.DLL+0x17034]
C  [ntdll.dll+0x52651]


---------------  P R O C E S S  ---------------

Threads class SMR info:
_java_thread_list=0x000002561a353ba0, length=0, elements={
}

Java Threads: ( => current thread )

Other Threads:
  0x000002561c60a000 GCTaskThread "GC Thread#0" [stack: 0x0000007e12100000,0x0000007e12200000] [id=5452]
  0x000002561c618000 ConcurrentGCThread "G1 Main Marker" [stack: 0x0000007e12200000,0x0000007e12300000] [id=7076]
  0x000002561c619800 ConcurrentGCThread "G1 Conc#0" [stack: 0x0000007e12300000,0x0000007e12400000] [id=3436]

[error occurred during error reporting (printing all threads), id 0xc0000005, EXCEPTION_ACCESS_VIOLATION (0xc0000005) at pc=0x00007ffcd601ecc7]

VM state:not at safepoint (not fully initialized)

VM Mutex/Monitor currently owned by a thread:  ([mutex/lock_event])
[0x000002561c5ee780] Heap_lock - owner thread: 0x000002561c5f2800

Heap address: 0x00000000e0000000, size: 512 MB, Compressed Oops mode: Non-zero based: 0x00000000e0000000
Narrow klass base: 0x0000000000000000, Narrow klass shift: 0

GC Heap History (0 events):
No events

Deoptimization events (0 events):
No events

Classes redefined (0 events):
No events

Internal exceptions (0 events):
No events

Events (0 events):
No events


Dynamic libraries:
0x00007ff7306f0000 - 0x00007ff7306ff000 	C:\Program Files\Java\jdk-11.0.13\bin\java.exe
0x00007ffd386f0000 - 0x00007ffd388e5000 	C:\Windows\SYSTEM32\ntdll.dll
0x00007ffd383d0000 - 0x00007ffd3848e000 	C:\Windows\System32\KERNEL32.DLL
0x00007ffd35fc0000 - 0x00007ffd36289000 	C:\Windows\System32\KERNELBASE.dll
0x00007ffd364d0000 - 0x00007ffd365d0000 	C:\Windows\System32\ucrtbase.dll
0x00007ffd29e00000 - 0x00007ffd29e18000 	C:\Program Files\Java\jdk-11.0.13\bin\jli.dll
0x00007ffd24230000 - 0x00007ffd24245000 	C:\Program Files\Java\jdk-11.0.13\bin\VCRUNTIME140.dll
0x00007ffd38250000 - 0x00007ffd382fc000 	C:\Windows\System32\ADVAPI32.dll
0x00007ffd38610000 - 0x00007ffd386ae000 	C:\Windows\System32\msvcrt.dll
0x00007ffd38330000 - 0x00007ffd383cb000 	C:\Windows\System32\sechost.dll
0x00007ffd36b50000 - 0x00007ffd36c7a000 	C:\Windows\System32\RPCRT4.dll
0x00007ffd37290000 - 0x00007ffd37431000 	C:\Windows\System32\USER32.dll
0x00007ffd364a0000 - 0x00007ffd364c2000 	C:\Windows\System32\win32u.dll
0x00007ffd22170000 - 0x00007ffd2240a000 	C:\Windows\WinSxS\amd64_microsoft.windows.common-controls_6595b64144ccf1df_6.0.19041.1110_none_60b5254171f9507e\COMCTL32.dll
0x00007ffd384b0000 - 0x00007ffd384db000 	C:\Windows\System32\GDI32.dll
0x00007ffd35eb0000 - 0x00007ffd35fbb000 	C:\Windows\System32\gdi32full.dll
0x00007ffd35e10000 - 0x00007ffd35ead000 	C:\Windows\System32\msvcp_win.dll
0x00007ffd34af0000 - 0x00007ffd34afa000 	C:\Windows\SYSTEM32\VERSION.dll
0x00007ffd38300000 - 0x00007ffd38330000 	C:\Windows\System32\IMM32.DLL
0x0000000180000000 - 0x0000000180023000 	C:\PROGRA~2\SOLUSS~1\MAESTR~1\SoApInit.dll
0x00007ffd37710000 - 0x00007ffd37e4f000 	C:\Windows\System32\SHELL32.dll
0x00007ffd206e0000 - 0x00007ffd2077b000 	C:\Program Files\Java\jdk-11.0.13\bin\msvcp140.dll
0x00007ffcd5d40000 - 0x00007ffcd6853000 	C:\Program Files\Java\jdk-11.0.13\bin\server\jvm.dll
0x00007ffd38600000 - 0x00007ffd38608000 	C:\Windows\System32\PSAPI.DLL
0x00007ffd1af10000 - 0x00007ffd1af19000 	C:\Windows\SYSTEM32\WSOCK32.dll
0x00007ffd2bb90000 - 0x00007ffd2bbb7000 	C:\Windows\SYSTEM32\WINMM.dll
0x00007ffd36a10000 - 0x00007ffd36a7b000 	C:\Windows\System32\WS2_32.dll
0x00007ffd33bf0000 - 0x00007ffd33c02000 	C:\Windows\SYSTEM32\kernel.appcore.dll
0x00007ffd29df0000 - 0x00007ffd29e00000 	C:\Program Files\Java\jdk-11.0.13\bin\verify.dll
0x00007ffd1eed0000 - 0x00007ffd1f0b4000 	C:\Windows\SYSTEM32\DBGHELP.DLL
0x00007ffd1f820000 - 0x00007ffd1f84c000 	C:\Windows\SYSTEM32\dbgcore.DLL
0x00007ffd366b0000 - 0x00007ffd36733000 	C:\Windows\System32\bcryptPrimitives.dll
0x00007ffd228e0000 - 0x00007ffd22908000 	C:\Program Files\Java\jdk-11.0.13\bin\java.dll
0x00007ffd24220000 - 0x00007ffd2422a000 	C:\Program Files\Java\jdk-11.0.13\bin\jimage.dll
0x00007ffd23dd0000 - 0x00007ffd23de6000 	C:\Program Files\Java\jdk-11.0.13\bin\zip.dll

dbghelp: loaded successfully - version: 4.0.5 - missing functions: none
symbol engine: initialized successfully - sym options: 0x614 - pdb path: .;C:\Program Files\Java\jdk-11.0.13\bin;C:\Windows\SYSTEM32;C:\Windows\WinSxS\amd64_microsoft.windows.common-controls_6595b64144ccf1df_6.0.19041.1110_none_60b5254171f9507e;C:\PROGRA~2\SOLUSS~1\MAESTR~1;C:\Program Files\Java\jdk-11.0.13\bin\server

VM Arguments:
jvm_args: -Dorg.gradle.internal.worker.tmpdir=C:\Users\Administrator\Desktop\배이한\hello-world\build\tmp\test\work -Dorg.gradle.native=false --add-opens=java.base/java.util=ALL-UNNAMED --add-opens=java.base/java.lang=ALL-UNNAMED -Xmx512m -Dfile.encoding=x-windows-949 -Duser.country=KR -Duser.language=ko -Duser.variant -ea 
java_command: worker.org.gradle.process.internal.worker.GradleWorkerMain 'Gradle Test Executor 1'
java_class_path (initial): C:\\Users\\Administrator\\.gradle\\caches\\7.3.2\\workerMain\\gradle-worker.jar;C:\\Users\\Administrator\\Desktop\\배이한\\hello-world\\build\\classes\\java\\test;C:\\Users\\Administrator\\Desktop\\배이한\\hello-world\\build\\classes\\java\\main;C:\\Users\\Administrator\\Desktop\\배이한\\hello-world\\build\\resources\\main;C:\\Users\\Administrator\\.gradle\\caches\\modules-2\\files-2.1\\org.springframework.boot\\spring-boot-starter-thymeleaf\\2.6.2\\fa6c963c2537e5c1c0ed84dd9528062dba30e1a\\spring-boot-starter-thymeleaf-2.6.2.jar;C:\\Users\\Administrator\\.gradle\\caches\\modules-2\\files-2.1\\org.springframework.boot\\spring-boot-starter-web\\2.6.2\\685b236afc0144a52383cd2c52731dd016f9badd\\spring-boot-starter-web-2.6.2.jar;C:\\Users\\Administrator\\.gradle\\caches\\modules-2\\files-2.1\\org.springframework.boot\\spring-boot-starter-test\\2.6.2\\17c687f9e596262705ff31e85fc6b700a9c4afc0\\spring-boot-starter-test-2.6.2.jar;C:\\Users\\Administrator\\.gradle\\caches\\modules-2\\files-2.1\\org.springframework.boot\\spring-boot-starter-json\\2.6.2\\c0d457ff259c487521706fd2efac75d61595d527\\spring-boot-starter-json-2.6.2.jar;C:\\Users\\Administrator\\.gradle\\caches\\modules-2\\files-2.1\\org.springframework.boot\\spring-boot-starter\\2.6.2\\c36f1f6886cdbedc5347fdea62b97b44b053b0ba\\spring-boot-starter-2.6.2.jar;C:\\Users\\Administrator\\.gradle\\caches\\modules-2\\files-2.1\\org.thymeleaf\\thymeleaf-spring5\\3.0.14.RELEASE\\a0588f30a1e7dcadfc5c260ef6c6078ef377384\\thymeleaf-spring5-3.0.14.RELEASE.jar;C:\\Users\\Administrator\\.gradle\\caches\\modules-2\\files-2.1\\org.thymeleaf.extras\\thymeleaf-extras-java8time\\3.0.4.RELEASE\\36e7175ddce36c486fff4578b5af7bb32f54f5df\\thymeleaf-extras-java8time-3.0.4.RELEASE.jar;C:\\Users\\Administrator\\.gradle\\caches\\modules-2\\files-2.1\\org.springframework.boot\\spring-boot-starter-tomcat\\2.6.2\\81bc9a57c0df9787e122c3b2a66e5a1ac0e139a5\\spring-boot-starter-tomcat-2.6.2.jar;C:\\Users\\Administrator\\.gr
Launcher Type: SUN_STANDARD

[Global flags]
     intx CICompilerCount                          = 12                                        {product} {ergonomic}
     uint ConcGCThreads                            = 3                                         {product} {ergonomic}
     uint G1ConcRefinementThreads                  = 13                                        {product} {ergonomic}
   size_t G1HeapRegionSize                         = 1048576                                   {product} {ergonomic}
    uintx GCDrainStackTargetSize                   = 64                                        {product} {ergonomic}
   size_t InitialHeapSize                          = 268435456                                 {product} {ergonomic}
   size_t MarkStackSize                            = 4194304                                   {product} {ergonomic}
   size_t MaxHeapSize                              = 536870912                                 {product} {command line}
   size_t MinHeapDeltaBytes                        = 1048576                                   {product} {ergonomic}
    uintx NonNMethodCodeHeapSize                   = 7594288                                {pd product} {ergonomic}
    uintx NonProfiledCodeHeapSize                  = 122031976                              {pd product} {ergonomic}
    uintx ProfiledCodeHeapSize                     = 122031976                              {pd product} {ergonomic}
    uintx ReservedCodeCacheSize                    = 251658240                              {pd product} {ergonomic}
     bool SegmentedCodeCache                       = true                                      {product} {ergonomic}
     bool UseCompressedClassPointers               = true                                 {lp64_product} {ergonomic}
     bool UseCompressedOops                        = true                                 {lp64_product} {ergonomic}
     bool UseG1GC                                  = true                                      {product} {ergonomic}
     bool UseLargePagesIndividualAllocation        = false                                  {pd product} {ergonomic}

Logging:
Log output configuration:
 #0: stdout all=warning uptime,level,tags
 #1: stderr all=off uptime,level,tags

Environment Variables:
JAVA_HOME=C:\Program Files\Java\jdk-11.0.13
CLASSPATH=C:\Program Files\Java\jdk-11.0.13\lib
PATH=C:\Program Files\Oculus\Support\oculus-runtime;C:\app\Administrator\product\21c\dbhomeXE\bin;C:\Program Files\Common Files\Oracle\Java\javapath;C:\Windows\system32;C:\Windows;C:\Windows\System32\Wbem;C:\Windows\System32\WindowsPowerShell\v1.0\;C:\Windows\System32\OpenSSH\;C:\Program Files (x86)\Intel\Intel(R) Management Engine Components\DAL;C:\Program Files\Intel\Intel(R) Management Engine Components\DAL;C:\Program Files\dotnet\;C:\Program Files (x86)\Microsoft SQL Server\110\Tools\Binn\;C:\Program Files\Microsoft SQL Server\110\Tools\Binn\;C:\Program Files\Microsoft SQL Server\110\DTS\Binn\;C:\Program Files (x86)\Microsoft SQL Server\110\Tools\Binn\ManagementStudio\;C:\Program Files (x86)\Microsoft SQL Server\110\DTS\Binn\;C:\Program Files\Git\cmd;C:\Program Files\Java\jdk-11.0.13\bin;C:\Users\Administrator\AppData\Local\Microsoft\WindowsApps;C:\Program Files\Bandizip\;C:\Users\Administrator\.dotnet\tools;C:\Users\Administrator\AppData\Local\Programs\Microsoft VS Code\bin;C:\sqldeveloper;;C:\Program Files\JetBrains\IntelliJ IDEA Community Edition 2021.3.1\bin;
USERNAME=Administrator
OS=Windows_NT
PROCESSOR_IDENTIFIER=Intel64 Family 6 Model 165 Stepping 5, GenuineIntel



---------------  S Y S T E M  ---------------

OS: Windows 10 , 64 bit Build 19041 (10.0.19041.1202)

CPU:total 16 (initial active 16) (8 cores per cpu, 2 threads per core) family 6 model 165 stepping 5 microcode 0xca, cmov, cx8, fxsr, mmx, sse, sse2, sse3, ssse3, sse4.1, sse4.2, popcnt, avx, avx2, aes, clmul, erms, 3dnowpref, lzcnt, ht, tsc, tscinvbit, bmi1, bmi2, adx, fma

Memory: 4k page, system-wide physical 16312M (5884M free)
TotalPageFile size 16312M (AvailPageFile size 126M)
current process WorkingSet (physical memory assigned to process): 10M, peak: 10M
current process commit charge ("private bytes"): 70M, peak: 325M

vm_info: Java HotSpot(TM) 64-Bit Server VM (11.0.13+10-LTS-370) for windows-amd64 JRE (11.0.13+10-LTS-370), built on Sep 15 2021 22:10:36 by "mach5one" with MS VC++ 15.9 (VS2017)

END.
